<?xml version="1.0" encoding="UTF-8"?>
<!-- Generated by org.testng.reporters.JUnitXMLReporter -->
<testsuite ignored="1" hostname="Sunny" failures="0" tests="1" name="Default test" time="22.568" errors="0" timestamp="2024-11-19T17:23:38 IST">
  <testcase classname="com.compareimage.tests.Compare_Images_Test" name="compareImagesDropdownsMethod2" time="22.528"/>
  <testcase classname="com.compareimage.tests.Compare_Images_Test" name="compareImagesDropdownsMethod1" time="0.0">
    <ignored/>
  </testcase> <!-- compareImagesDropdownsMethod1 -->
</testsuite> <!-- Default test -->
