<?xml version="1.0" encoding="UTF-8"?>
<!-- Generated by org.testng.reporters.JUnitXMLReporter -->
<testsuite ignored="0" hostname="Sunny" failures="0" tests="2" name="DropDowns and Images Test" time="76.993" errors="0" timestamp="2024-11-19T22:40:08 IST">
  <testcase classname="com.compareimage.tests.Compare_Images_Test" name="compareImagesDropdownsMethod1" time="37.192"/>
  <testcase classname="com.compareimage.tests.Compare_Images_Test" name="compareImagesDropdownsMethod2" time="26.904"/>
</testsuite> <!-- DropDowns and Images Test -->
