<?xml version="1.0" encoding="UTF-8"?>
<!-- Generated by org.testng.reporters.JUnitXMLReporter -->
<testsuite ignored="0" hostname="Sunny" failures="0" tests="2" name="DropDowns and Images Test" time="41.567" errors="0" timestamp="2024-11-19T18:38:21 IST">
  <testcase classname="com.compareimage.tests.Compare_Images_Test" name="compareImagesDropdownsMethod1" time="16.877"/>
  <testcase classname="com.compareimage.tests.Compare_Images_Test" name="compareImagesDropdownsMethod2" time="14.754"/>
</testsuite> <!-- DropDowns and Images Test -->
