<?xml version="1.0" encoding="UTF-8"?>
<testng-results ignored="0" total="1" passed="1" failed="0" skipped="0">
  <reporter-output>
  </reporter-output>
  <suite started-at="2024-11-16T23:25:02 IST" name="Default suite" finished-at="2024-11-16T23:25:19 IST" duration-ms="17535">
    <groups>
    </groups>
    <test started-at="2024-11-16T23:25:02 IST" name="Default test" finished-at="2024-11-16T23:25:19 IST" duration-ms="17535">
      <class name="com.compareimage.tests.Compare_Images_Test">
        <test-method signature="compareImagesDropdownsTest()[pri:0, instance:com.compareimage.tests.Compare_Images_Test@2e6a8155]" started-at="2024-11-16T23:25:02 IST" name="compareImagesDropdownsTest" finished-at="2024-11-16T23:25:19 IST" duration-ms="17271" status="PASS">
          <reporter-output>
          </reporter-output>
        </test-method> <!-- compareImagesDropdownsTest -->
        <test-method is-config="true" signature="closeBrowser()[pri:0, instance:com.compareimage.tests.Compare_Images_Test@2e6a8155]" started-at="2024-11-16T23:25:19 IST" name="closeBrowser" finished-at="2024-11-16T23:25:19 IST" duration-ms="235" status="PASS">
          <reporter-output>
          </reporter-output>
        </test-method> <!-- closeBrowser -->
      </class> <!-- com.compareimage.tests.Compare_Images_Test -->
    </test> <!-- Default test -->
  </suite> <!-- Default suite -->
</testng-results>
